Collecting poetry==1.8.2
  Downloading poetry-1.8.2-py3-none-any.whl.metadata (6.8 kB)
Collecting build<2.0.0,>=1.0.3 (from poetry==1.8.2)
  Downloading build-1.1.1-py3-none-any.whl.metadata (4.2 kB)
Collecting cachecontrol<0.15.0,>=0.14.0 (from cachecontrol[filecache]<0.15.0,>=0.14.0->poetry==1.8.2)
  Downloading cachecontrol-0.14.0-py3-none-any.whl.metadata (3.1 kB)
Collecting cleo<3.0.0,>=2.1.0 (from poetry==1.8.2)
  Downloading cleo-2.1.0-py3-none-any.whl.metadata (12 kB)
Collecting crashtest<0.5.0,>=0.4.1 (from poetry==1.8.2)
  Downloading crashtest-0.4.1-py3-none-any.whl.metadata (1.1 kB)
Collecting dulwich<0.22.0,>=0.21.2 (from poetry==1.8.2)
  Downloading dulwich-0.21.7-cp310-cp310-manylinux_2_17_x86_64.manylinux2014_x86_64.whl.metadata (4.3 kB)
Collecting fastjsonschema<3.0.0,>=2.18.0 (from poetry==1.8.2)
  Downloading fastjsonschema-2.19.1-py3-none-any.whl.metadata (2.1 kB)
Collecting installer<0.8.0,>=0.7.0 (from poetry==1.8.2)
  Downloading installer-0.7.0-py3-none-any.whl.metadata (936 bytes)
Collecting keyring<25.0.0,>=24.0.0 (from poetry==1.8.2)
  Downloading keyring-24.3.1-py3-none-any.whl.metadata (20 kB)
Collecting packaging>=23.1 (from poetry==1.8.2)
  Downloading packaging-24.0-py3-none-any.whl.metadata (3.2 kB)
Collecting pexpect<5.0.0,>=4.7.0 (from poetry==1.8.2)
  Downloading pexpect-4.9.0-py2.py3-none-any.whl.metadata (2.5 kB)
Collecting pkginfo<2.0.0,>=1.9.4 (from poetry==1.8.2)
  Downloading pkginfo-1.10.0-py3-none-any.whl.metadata (11 kB)
Collecting platformdirs<5,>=3.0.0 (from poetry==1.8.2)
  Downloading platformdirs-4.2.0-py3-none-any.whl.metadata (11 kB)
Collecting poetry-core==1.9.0 (from poetry==1.8.2)
  Downloading poetry_core-1.9.0-py3-none-any.whl.metadata (3.5 kB)
Collecting poetry-plugin-export<2.0.0,>=1.6.0 (from poetry==1.8.2)
  Downloading poetry_plugin_export-1.7.0-py3-none-any.whl.metadata (2.8 kB)
Collecting pyproject-hooks<2.0.0,>=1.0.0 (from poetry==1.8.2)
  Downloading pyproject_hooks-1.0.0-py3-none-any.whl.metadata (1.3 kB)
Collecting requests<3.0,>=2.26 (from poetry==1.8.2)
  Downloading requests-2.31.0-py3-none-any.whl.metadata (4.6 kB)
Collecting requests-toolbelt<2.0.0,>=1.0.0 (from poetry==1.8.2)
  Downloading requests_toolbelt-1.0.0-py2.py3-none-any.whl.metadata (14 kB)
Collecting shellingham<2.0,>=1.5 (from poetry==1.8.2)
  Downloading shellingham-1.5.4-py2.py3-none-any.whl.metadata (3.5 kB)
Collecting tomli<3.0.0,>=2.0.1 (from poetry==1.8.2)
  Downloading tomli-2.0.1-py3-none-any.whl.metadata (8.9 kB)
Collecting tomlkit<1.0.0,>=0.11.4 (from poetry==1.8.2)
  Downloading tomlkit-0.12.4-py3-none-any.whl.metadata (2.7 kB)
Collecting trove-classifiers>=2022.5.19 (from poetry==1.8.2)
  Downloading trove_classifiers-2024.3.3-py3-none-any.whl.metadata (2.2 kB)
Collecting virtualenv<21.0.0,>=20.23.0 (from poetry==1.8.2)
  Downloading virtualenv-20.25.1-py3-none-any.whl.metadata (4.4 kB)
Collecting msgpack<2.0.0,>=0.5.2 (from cachecontrol<0.15.0,>=0.14.0->cachecontrol[filecache]<0.15.0,>=0.14.0->poetry==1.8.2)
  Downloading msgpack-1.0.8-cp310-cp310-manylinux_2_17_x86_64.manylinux2014_x86_64.whl.metadata (9.1 kB)
Collecting filelock>=3.8.0 (from cachecontrol[filecache]<0.15.0,>=0.14.0->poetry==1.8.2)
  Downloading filelock-3.13.1-py3-none-any.whl.metadata (2.8 kB)
Collecting rapidfuzz<4.0.0,>=3.0.0 (from cleo<3.0.0,>=2.1.0->poetry==1.8.2)
  Downloading rapidfuzz-3.6.2-cp310-cp310-manylinux_2_17_x86_64.manylinux2014_x86_64.whl.metadata (11 kB)
Collecting urllib3>=1.25 (from dulwich<0.22.0,>=0.21.2->poetry==1.8.2)
  Downloading urllib3-2.2.1-py3-none-any.whl.metadata (6.4 kB)
Collecting jaraco.classes (from keyring<25.0.0,>=24.0.0->poetry==1.8.2)
  Downloading jaraco.classes-3.3.1-py3-none-any.whl.metadata (2.7 kB)
Collecting importlib-metadata>=4.11.4 (from keyring<25.0.0,>=24.0.0->poetry==1.8.2)
  Downloading importlib_metadata-7.0.2-py3-none-any.whl.metadata (4.6 kB)
Collecting SecretStorage>=3.2 (from keyring<25.0.0,>=24.0.0->poetry==1.8.2)
  Downloading SecretStorage-3.3.3-py3-none-any.whl.metadata (4.0 kB)
Collecting jeepney>=0.4.2 (from keyring<25.0.0,>=24.0.0->poetry==1.8.2)
  Downloading jeepney-0.8.0-py3-none-any.whl.metadata (1.3 kB)
Collecting ptyprocess>=0.5 (from pexpect<5.0.0,>=4.7.0->poetry==1.8.2)
  Downloading ptyprocess-0.7.0-py2.py3-none-any.whl.metadata (1.3 kB)
Collecting charset-normalizer<4,>=2 (from requests<3.0,>=2.26->poetry==1.8.2)
  Downloading charset_normalizer-3.3.2-cp310-cp310-manylinux_2_17_x86_64.manylinux2014_x86_64.whl.metadata (33 kB)
Collecting idna<4,>=2.5 (from requests<3.0,>=2.26->poetry==1.8.2)
  Downloading idna-3.6-py3-none-any.whl.metadata (9.9 kB)
Collecting certifi>=2017.4.17 (from requests<3.0,>=2.26->poetry==1.8.2)
  Downloading certifi-2024.2.2-py3-none-any.whl.metadata (2.2 kB)
Collecting distlib<1,>=0.3.7 (from virtualenv<21.0.0,>=20.23.0->poetry==1.8.2)
  Downloading distlib-0.3.8-py2.py3-none-any.whl.metadata (5.1 kB)
Collecting zipp>=0.5 (from importlib-metadata>=4.11.4->keyring<25.0.0,>=24.0.0->poetry==1.8.2)
  Downloading zipp-3.18.1-py3-none-any.whl.metadata (3.5 kB)
Collecting cryptography>=2.0 (from SecretStorage>=3.2->keyring<25.0.0,>=24.0.0->poetry==1.8.2)
  Downloading cryptography-42.0.5-cp39-abi3-manylinux_2_28_x86_64.whl.metadata (5.3 kB)
Collecting more-itertools (from jaraco.classes->keyring<25.0.0,>=24.0.0->poetry==1.8.2)
  Downloading more_itertools-10.2.0-py3-none-any.whl.metadata (34 kB)
Collecting cffi>=1.12 (from cryptography>=2.0->SecretStorage>=3.2->keyring<25.0.0,>=24.0.0->poetry==1.8.2)
  Downloading cffi-1.16.0-cp310-cp310-manylinux_2_17_x86_64.manylinux2014_x86_64.whl.metadata (1.5 kB)
Collecting pycparser (from cffi>=1.12->cryptography>=2.0->SecretStorage>=3.2->keyring<25.0.0,>=24.0.0->poetry==1.8.2)
  Downloading pycparser-2.21-py2.py3-none-any.whl.metadata (1.1 kB)
Downloading poetry-1.8.2-py3-none-any.whl (249 kB)
   ━━━━━━━━━━━━━━━━━━━━━━━━━━━━━━━━━━━━━━━ 249.4/249.4 kB 115.7 kB/s eta 0:00:00
Downloading poetry_core-1.9.0-py3-none-any.whl (309 kB)
   ━━━━━━━━━━━━━━━━━━━━━━━━━━━━━━━━━━━━━━━ 309.5/309.5 kB 168.6 kB/s eta 0:00:00
Downloading build-1.1.1-py3-none-any.whl (19 kB)
Downloading cachecontrol-0.14.0-py3-none-any.whl (22 kB)
Downloading cleo-2.1.0-py3-none-any.whl (78 kB)
   ━━━━━━━━━━━━━━━━━━━━━━━━━━━━━━━━━━━━━━━━ 78.7/78.7 kB 74.0 kB/s eta 0:00:00
Downloading crashtest-0.4.1-py3-none-any.whl (7.6 kB)
Downloading dulwich-0.21.7-cp310-cp310-manylinux_2_17_x86_64.manylinux2014_x86_64.whl (514 kB)
   ━━━━━━━━━━━━━━━━━━━━━━━━━━━━━━━━━━━━━━━ 514.7/514.7 kB 214.3 kB/s eta 0:00:00
Downloading fastjsonschema-2.19.1-py3-none-any.whl (23 kB)
Downloading installer-0.7.0-py3-none-any.whl (453 kB)
   ━━━━━━━━━━━━━━━━━━━━━━━━━━━━━━━━━━━━━━━ 453.8/453.8 kB 218.6 kB/s eta 0:00:00
Downloading keyring-24.3.1-py3-none-any.whl (38 kB)
Downloading packaging-24.0-py3-none-any.whl (53 kB)
   ━━━━━━━━━━━━━━━━━━━━━━━━━━━━━━━━━━━━━━━━ 53.5/53.5 kB 153.3 kB/s eta 0:00:00
Downloading pexpect-4.9.0-py2.py3-none-any.whl (63 kB)
   ━━━━━━━━━━━━━━━━━━━━━━━━━━━━━━━━━━━━━━━━ 63.8/63.8 kB 95.5 kB/s eta 0:00:00
Downloading pkginfo-1.10.0-py3-none-any.whl (30 kB)
Downloading platformdirs-4.2.0-py3-none-any.whl (17 kB)
Downloading poetry_plugin_export-1.7.0-py3-none-any.whl (10 kB)
Downloading pyproject_hooks-1.0.0-py3-none-any.whl (9.3 kB)
Downloading requests-2.31.0-py3-none-any.whl (62 kB)
   ━━━━━━━━━━━━━━━━━━━━━━━━━━━━━━━━━━━━━━━━ 62.6/62.6 kB 57.5 kB/s eta 0:00:00
Downloading requests_toolbelt-1.0.0-py2.py3-none-any.whl (54 kB)
   ━━━━━━━━━━━━━━━━━━━━━━━━━━━━━━━━━━━━━━━━ 54.5/54.5 kB 117.9 kB/s eta 0:00:00
Downloading shellingham-1.5.4-py2.py3-none-any.whl (9.8 kB)
Downloading tomli-2.0.1-py3-none-any.whl (12 kB)
Downloading tomlkit-0.12.4-py3-none-any.whl (37 kB)
Downloading trove_classifiers-2024.3.3-py3-none-any.whl (13 kB)
Downloading virtualenv-20.25.1-py3-none-any.whl (3.8 MB)
   ━━━━━━━━━━━━━━━━━━━━━━━━━━━━━━━━━━━━━━━━ 3.8/3.8 MB 247.9 kB/s eta 0:00:00
Downloading certifi-2024.2.2-py3-none-any.whl (163 kB)
   ━━━━━━━━━━━━━━━━━━━━━━━━━━━━━━━━━━━━━━━ 163.8/163.8 kB 165.3 kB/s eta 0:00:00
Downloading charset_normalizer-3.3.2-cp310-cp310-manylinux_2_17_x86_64.manylinux2014_x86_64.whl (142 kB)
   ━━━━━━━━━━━━━━━━━━━━━━━━━━━━━━━━━━━━━━━ 142.1/142.1 kB 154.2 kB/s eta 0:00:00
Downloading distlib-0.3.8-py2.py3-none-any.whl (468 kB)
   ━━━━━━━━━━━━━━━━━━━━━━━━━━━━━━━━━━━━━━━ 468.9/468.9 kB 146.5 kB/s eta 0:00:00
Downloading filelock-3.13.1-py3-none-any.whl (11 kB)
Downloading idna-3.6-py3-none-any.whl (61 kB)
   ━━━━━━━━━━━━━━━━━━━━━━━━━━━━━━━━━━━━━━━━ 61.6/61.6 kB 110.1 kB/s eta 0:00:00
Downloading importlib_metadata-7.0.2-py3-none-any.whl (24 kB)
Downloading jeepney-0.8.0-py3-none-any.whl (48 kB)
   ━━━━━━━━━━━━━━━━━━━━━━━━━━━━━━━━━━━━━━━━ 48.4/48.4 kB 70.9 kB/s eta 0:00:00
Downloading msgpack-1.0.8-cp310-cp310-manylinux_2_17_x86_64.manylinux2014_x86_64.whl (385 kB)
   ━━━━━━━━━━━━━━━━━━━━━━━━━━━━━━━━━━━━━━━━ 385.1/385.1 kB 55.9 kB/s eta 0:00:00
Downloading ptyprocess-0.7.0-py2.py3-none-any.whl (13 kB)
Downloading rapidfuzz-3.6.2-cp310-cp310-manylinux_2_17_x86_64.manylinux2014_x86_64.whl (3.4 MB)
   ━━━━━━━━━━━━━━━━━━━━━━━━━━━━━━━━━━━━━━━━ 3.4/3.4 MB 406.1 kB/s eta 0:00:00
Downloading SecretStorage-3.3.3-py3-none-any.whl (15 kB)
Downloading urllib3-2.2.1-py3-none-any.whl (121 kB)
   ━━━━━━━━━━━━━━━━━━━━━━━━━━━━━━━━━━━━━━━ 121.1/121.1 kB 260.9 kB/s eta 0:00:00
Downloading jaraco.classes-3.3.1-py3-none-any.whl (6.8 kB)
Downloading cryptography-42.0.5-cp39-abi3-manylinux_2_28_x86_64.whl (4.6 MB)
   ━━━━━━━━━━━━━━━━━━━━━━━━━━━━━━━━━━━━━━━━ 4.6/4.6 MB 272.9 kB/s eta 0:00:00
ERROR: Could not install packages due to an OSError: Could not find a suitable TLS CA certificate bundle, invalid path: /home/ulan/.local/share/pypoetry/venv/lib/python3.10/site-packages/pip/_vendor/certifi/cacert.pem

WARNING: There was an error checking the latest version of pip.

Traceback:

  File "<stdin>", line 923, in main
  File "<stdin>", line 560, in run
  File "<stdin>", line 582, in install
  File "<stdin>", line 685, in install_poetry
  File "<stdin>", line 375, in pip
  File "<stdin>", line 372, in python
  File "<stdin>", line 365, in run
